=========================================================================

  JBoss Bootstrap Environment

  JBOSS_HOME: /opt/SP/apps/wildfly-24.0.0.Final

  JAVA: java

  JAVA_OPTS:  -server -Xms64m -Xmx512m -XX:MetaspaceSize=96M -XX:MaxMetaspaceSize=256m -Djava.net.preferIPv4Stack=true -Djboss.modules.system.pkgs=org.jboss.byteman -Djava.awt.headless=true 

=========================================================================

[0m09:26:57,750 INFO  [org.jboss.modules] (main) JBoss Modules version 1.11.0.Final
[0m[0m09:26:58,232 INFO  [org.jboss.msc] (main) JBoss MSC version 1.4.12.Final
[0m[0m09:26:58,249 INFO  [org.jboss.threads] (main) JBoss Threads version 2.4.0.Final
[0m[0m09:26:58,389 INFO  [org.jboss.as] (MSC service thread 1-1) WFLYSRV0049: WildFly Full 24.0.0.Final (WildFly Core 16.0.0.Final) starting
[0m[0m09:26:59,335 INFO  [org.wildfly.security] (ServerService Thread Pool -- 3) ELY00001: WildFly Elytron version 1.16.0.Final
[0m[0m09:26:59,648 INFO  [org.jboss.as.controller.management-deprecated] (ServerService Thread Pool -- 6) WFLYCTL0033: Extension 'security' is deprecated and may not be supported in future versions
[0m[0m09:27:00,014 INFO  [org.jboss.as.controller.management-deprecated] (Controller Boot Thread) WFLYCTL0028: Attribute 'security-realm' in the resource at address '/core-service=management/management-interface=http-interface' is deprecated, and may be removed in a future version. See the attribute description in the output of the read-resource-description operation to learn more about the deprecation.
[0m[0m09:27:00,129 INFO  [org.jboss.as.controller.management-deprecated] (Controller Boot Thread) WFLYCTL0028: Attribute 'security-realm' in the resource at address '/subsystem=undertow/server=default-server/https-listener=https' is deprecated, and may be removed in a future version. See the attribute description in the output of the read-resource-description operation to learn more about the deprecation.
[0m[0m09:27:00,192 INFO  [org.jboss.as.server] (Controller Boot Thread) WFLYSRV0039: Creating http management service using socket-binding (management-http)
[0m[0m09:27:00,209 INFO  [org.xnio] (MSC service thread 1-4) XNIO version 3.8.4.Final
[0m[0m09:27:00,230 INFO  [org.xnio.nio] (MSC service thread 1-4) XNIO NIO Implementation Version 3.8.4.Final
[0m[33m09:27:00,336 WARN  [org.wildfly.extension.elytron] (MSC service thread 1-3) WFLYELY00023: KeyStore file '/opt/SP/apps/wildfly-24.0.0.Final/standalone/configuration/application.keystore' does not exist. Used blank.
[0m[0m09:27:00,354 INFO  [org.jboss.remoting] (MSC service thread 1-2) JBoss Remoting version 5.0.23.Final
[0m[33m09:27:00,360 WARN  [org.wildfly.extension.elytron] (MSC service thread 1-4) WFLYELY01084: KeyStore /opt/SP/apps/wildfly-24.0.0.Final/standalone/configuration/application.keystore not found, it will be auto generated on first use with a self-signed certificate for host localhost
[0m[0m09:27:00,375 INFO  [org.jboss.as.patching] (MSC service thread 1-1) WFLYPAT0050: WildFly Full cumulative patch ID is: base, one-off patches include: none
[0m[33m09:27:00,483 WARN  [org.jboss.as.domain.management.security] (MSC service thread 1-3) WFLYDM0111: Keystore /opt/SP/apps/wildfly-24.0.0.Final/standalone/configuration/application.keystore not found, it will be auto generated on first use with a self signed certificate for host localhost
[0m[0m09:27:00,842 INFO  [org.jboss.as.server] (Controller Boot Thread) WFLYSRV0212: Resuming server
[0m[0m09:27:00,843 INFO  [org.jboss.as] (Controller Boot Thread) WFLYSRV0025: WildFly Full 24.0.0.Final (WildFly Core 16.0.0.Final) started in 3492ms - Started 76 of 94 services (34 services are lazy, passive or on-demand)
[0m[0m09:27:00,849 INFO  [org.jboss.as] (Controller Boot Thread) WFLYSRV0060: Http management interface listening on http://127.0.0.1:9990/management
[0m[0m09:27:00,850 INFO  [org.jboss.as] (Controller Boot Thread) WFLYSRV0054: Admin console is not enabled
[0mKilled
=========================================================================

  JBoss Bootstrap Environment

  JBOSS_HOME: /opt/SP/apps/jboss

  JAVA: java

  JAVA_OPTS:  -server -Xms64m -Xmx512m -XX:MetaspaceSize=96M -XX:MaxMetaspaceSize=256m -Djava.net.preferIPv4Stack=true -Djboss.modules.system.pkgs=org.jboss.byteman -Djava.awt.headless=true 

=========================================================================

[0m09:58:47,640 INFO  [org.jboss.modules] (main) JBoss Modules version 1.11.0.Final
[0m[0m09:58:48,282 INFO  [org.jboss.msc] (main) JBoss MSC version 1.4.12.Final
[0m[0m09:58:48,296 INFO  [org.jboss.threads] (main) JBoss Threads version 2.4.0.Final
[0m[0m09:58:48,422 INFO  [org.jboss.as] (MSC service thread 1-2) WFLYSRV0049: WildFly Full 24.0.0.Final (WildFly Core 16.0.0.Final) starting
[0m[0m09:58:49,288 INFO  [org.wildfly.security] (ServerService Thread Pool -- 12) ELY00001: WildFly Elytron version 1.16.0.Final
[0m[0m09:58:49,592 INFO  [org.jboss.as.controller.management-deprecated] (ServerService Thread Pool -- 13) WFLYCTL0033: Extension 'security' is deprecated and may not be supported in future versions
[0m[0m09:58:49,957 INFO  [org.jboss.as.controller.management-deprecated] (Controller Boot Thread) WFLYCTL0028: Attribute 'security-realm' in the resource at address '/core-service=management/management-interface=http-interface' is deprecated, and may be removed in a future version. See the attribute description in the output of the read-resource-description operation to learn more about the deprecation.
[0m[0m09:58:50,058 INFO  [org.jboss.as.controller.management-deprecated] (Controller Boot Thread) WFLYCTL0028: Attribute 'security-realm' in the resource at address '/subsystem=undertow/server=default-server/https-listener=https' is deprecated, and may be removed in a future version. See the attribute description in the output of the read-resource-description operation to learn more about the deprecation.
[0m[0m09:58:50,107 INFO  [org.jboss.as.server] (Controller Boot Thread) WFLYSRV0039: Creating http management service using socket-binding (management-http)
[0m[0m09:58:50,121 INFO  [org.xnio] (MSC service thread 1-4) XNIO version 3.8.4.Final
[0m[0m09:58:50,133 INFO  [org.xnio.nio] (MSC service thread 1-4) XNIO NIO Implementation Version 3.8.4.Final
[0m[33m09:58:50,201 WARN  [org.wildfly.extension.elytron] (MSC service thread 1-1) WFLYELY00023: KeyStore file '/opt/SP/apps/jboss/standalone/configuration/application.keystore' does not exist. Used blank.
[0m[33m09:58:50,213 WARN  [org.wildfly.extension.elytron] (MSC service thread 1-1) WFLYELY01084: KeyStore /opt/SP/apps/jboss/standalone/configuration/application.keystore not found, it will be auto generated on first use with a self-signed certificate for host localhost
[0m[0m09:58:50,232 INFO  [org.jboss.remoting] (MSC service thread 1-3) JBoss Remoting version 5.0.23.Final
[0m[0m09:58:50,276 INFO  [org.jboss.as.patching] (MSC service thread 1-2) WFLYPAT0050: WildFly Full cumulative patch ID is: base, one-off patches include: none
[0m[33m09:58:50,303 WARN  [org.jboss.as.domain.management.security] (MSC service thread 1-2) WFLYDM0111: Keystore /opt/SP/apps/jboss/standalone/configuration/application.keystore not found, it will be auto generated on first use with a self signed certificate for host localhost
[0m[0m09:58:50,503 INFO  [org.jboss.as.server] (Controller Boot Thread) WFLYSRV0212: Resuming server
[0m[0m09:58:50,506 INFO  [org.jboss.as] (Controller Boot Thread) WFLYSRV0025: WildFly Full 24.0.0.Final (WildFly Core 16.0.0.Final) started in 3281ms - Started 76 of 94 services (34 services are lazy, passive or on-demand)
[0m[0m09:58:50,509 INFO  [org.jboss.as] (Controller Boot Thread) WFLYSRV0060: Http management interface listening on http://127.0.0.1:9990/management
[0m[0m09:58:50,509 INFO  [org.jboss.as] (Controller Boot Thread) WFLYSRV0054: Admin console is not enabled
[0mKilled
